The system is: Linux - 5.15.4-calculate - x86_64
Compiling the C compiler identification source file "CMakeCCompilerId.c" succeeded.
Compiler: /usr/bin/cc 
Build flags: 
Id flags:  

The output was:
0


Compilation of the C compiler identification source "CMakeCCompilerId.c" produced "a.out"

The C compiler identification is GNU, found in "/home/except/Prj/My/Lessons/CPPAdv/Lesson1/cmake-build-debug/CMakeFiles/3.17.5/CompilerIdC/a.out"

Compiling the CXX compiler identification source file "CMakeCXXCompilerId.cpp" succeeded.
Compiler: /usr/bin/c++ 
Build flags: 
Id flags:  

The output was:
0


Compilation of the CXX compiler identification source "CMakeCXXCompilerId.cpp" produced "a.out"

The CXX compiler identification is GNU, found in "/home/except/Prj/My/Lessons/CPPAdv/Lesson1/cmake-build-debug/CMakeFiles/3.17.5/CompilerIdCXX/a.out"

Determining if the C compiler works passed with the following output:
Change Dir: /home/except/Prj/My/Lessons/CPPAdv/Lesson1/cmake-build-debug/CMakeFiles/CMakeTmp

Run Build Command(s):/usr/bin/gmake cmTC_7da7b/fast && /usr/bin/gmake  -f CMakeFiles/cmTC_7da7b.dir/build.make CMakeFiles/cmTC_7da7b.dir/build
gmake[1]: вход в каталог «/home/except/Prj/My/Lessons/CPPAdv/Lesson1/cmake-build-debug/CMakeFiles/CMakeTmp»
Building C object CMakeFiles/cmTC_7da7b.dir/testCCompiler.c.o
/usr/bin/cc    -o CMakeFiles/cmTC_7da7b.dir/testCCompiler.c.o   -c /home/except/Prj/My/Lessons/CPPAdv/Lesson1/cmake-build-debug/CMakeFiles/CMakeTmp/testCCompiler.c
Linking C executable cmTC_7da7b
/home/except/.local/share/JetBrains/Toolbox/apps/CLion/ch-0/203.8084.11/bin/cmake/linux/bin/cmake -E cmake_link_script CMakeFiles/cmTC_7da7b.dir/link.txt --verbose=1
/usr/bin/cc      CMakeFiles/cmTC_7da7b.dir/testCCompiler.c.o  -o cmTC_7da7b 
gmake[1]: выход из каталога «/home/except/Prj/My/Lessons/CPPAdv/Lesson1/cmake-build-debug/CMakeFiles/CMakeTmp»



Detecting C compiler ABI info compiled with the following output:
Change Dir: /home/except/Prj/My/Lessons/CPPAdv/Lesson1/cmake-build-debug/CMakeFiles/CMakeTmp

Run Build Command(s):/usr/bin/gmake cmTC_86c3f/fast && /usr/bin/gmake  -f CMakeFiles/cmTC_86c3f.dir/build.make CMakeFiles/cmTC_86c3f.dir/build
gmake[1]: Entering directory '/home/except/Prj/My/Lessons/CPPAdv/Lesson1/cmake-build-debug/CMakeFiles/CMakeTmp'
Building C object CMakeFiles/cmTC_86c3f.dir/CMakeCCompilerABI.c.o
/usr/bin/cc   -v -o CMakeFiles/cmTC_86c3f.dir/CMakeCCompilerABI.c.o   -c /home/except/.local/share/JetBrains/Toolbox/apps/CLion/ch-0/203.8084.11/bin/cmake/linux/share/cmake-3.17/Modules/CMakeCCompilerABI.c
Using built-in specs.
COLLECT_GCC=/usr/bin/cc
Target: x86_64-pc-linux-gnu
Configured with: /var/calculate/tmp/portage/sys-devel/gcc-11.2.0/work/gcc-11.2.0/configure --host=x86_64-pc-linux-gnu --build=x86_64-pc-linux-gnu --prefix=/usr --bindir=/usr/x86_64-pc-linux-gnu/gcc-bin/11.2.0 --includedir=/usr/lib/gcc/x86_64-pc-linux-gnu/11.2.0/include --datadir=/usr/share/gcc-data/x86_64-pc-linux-gnu/11.2.0 --mandir=/usr/share/gcc-data/x86_64-pc-linux-gnu/11.2.0/man --infodir=/usr/share/gcc-data/x86_64-pc-linux-gnu/11.2.0/info --with-gxx-include-dir=/usr/lib/gcc/x86_64-pc-linux-gnu/11.2.0/include/g++-v11 --with-python-dir=/share/gcc-data/x86_64-pc-linux-gnu/11.2.0/python --enable-languages=c,c++,objc,fortran --enable-obsolete --enable-secureplt --disable-werror --with-system-zlib --enable-nls --without-included-gettext --disable-libunwind-exceptions --enable-checking=release --with-bugurl=https://bugs.gentoo.org/ --with-pkgversion='Gentoo 11.2.0 p1' --disable-esp --enable-libstdcxx-time --enable-shared --enable-threads=posix --enable-__cxa_atexit --enable-clocale=gnu --enable-multilib --with-multilib-list=m32,m64 --disable-fixed-point --enable-targets=all --enable-libgomp --disable-libssp --disable-libada --disable-systemtap --disable-valgrind-annotations --disable-vtable-verify --disable-libvtv --with-zstd --enable-lto --with-isl --disable-isl-version-check --enable-default-pie --enable-default-ssp
Thread model: posix
Supported LTO compression algorithms: zlib zstd
gcc version 11.2.0 (Gentoo 11.2.0 p1) 
COLLECT_GCC_OPTIONS='-v' '-o' 'CMakeFiles/cmTC_86c3f.dir/CMakeCCompilerABI.c.o' '-c' '-mtune=generic' '-march=x86-64' '-dumpdir' 'CMakeFiles/cmTC_86c3f.dir/'
 /usr/libexec/gcc/x86_64-pc-linux-gnu/11.2.0/cc1 -quiet -v /home/except/.local/share/JetBrains/Toolbox/apps/CLion/ch-0/203.8084.11/bin/cmake/linux/share/cmake-3.17/Modules/CMakeCCompilerABI.c -quiet -dumpdir CMakeFiles/cmTC_86c3f.dir/ -dumpbase CMakeCCompilerABI.c.c -dumpbase-ext .c -mtune=generic -march=x86-64 -version -o /tmp/ccRiRBLp.s
GNU C17 (Gentoo 11.2.0 p1) version 11.2.0 (x86_64-pc-linux-gnu)
	compiled by GNU C version 11.2.0, GMP version 6.2.1, MPFR version 4.1.0, MPC version 1.2.1, isl version isl-0.24-GMP

GGC heuristics: --param ggc-min-expand=100 --param ggc-min-heapsize=131072
ignoring nonexistent directory "/usr/local/include"
ignoring nonexistent directory "/usr/lib/gcc/x86_64-pc-linux-gnu/11.2.0/../../../../x86_64-pc-linux-gnu/include"
#include "..." search starts here:
#include <...> search starts here:
 /usr/lib/gcc/x86_64-pc-linux-gnu/11.2.0/include
 /usr/lib/gcc/x86_64-pc-linux-gnu/11.2.0/include-fixed
 /usr/include
End of search list.
GNU C17 (Gentoo 11.2.0 p1) version 11.2.0 (x86_64-pc-linux-gnu)
	compiled by GNU C version 11.2.0, GMP version 6.2.1, MPFR version 4.1.0, MPC version 1.2.1, isl version isl-0.24-GMP

GGC heuristics: --param ggc-min-expand=100 --param ggc-min-heapsize=131072
Compiler executable checksum: 319a7f3abdd5954dea1911b1f3c29e3b
COLLECT_GCC_OPTIONS='-v' '-o' 'CMakeFiles/cmTC_86c3f.dir/CMakeCCompilerABI.c.o' '-c' '-mtune=generic' '-march=x86-64' '-dumpdir' 'CMakeFiles/cmTC_86c3f.dir/'
 /usr/lib/gcc/x86_64-pc-linux-gnu/11.2.0/../../../../x86_64-pc-linux-gnu/bin/as -v --64 -o CMakeFiles/cmTC_86c3f.dir/CMakeCCompilerABI.c.o /tmp/ccRiRBLp.s
GNU assembler version 2.37 (x86_64-pc-linux-gnu) using BFD version (Gentoo 2.37_p1 p0) 2.37
COMPILER_PATH=/usr/libexec/gcc/x86_64-pc-linux-gnu/11.2.0/:/usr/libexec/gcc/x86_64-pc-linux-gnu/11.2.0/:/usr/libexec/gcc/x86_64-pc-linux-gnu/:/usr/lib/gcc/x86_64-pc-linux-gnu/11.2.0/:/usr/lib/gcc/x86_64-pc-linux-gnu/:/usr/lib/gcc/x86_64-pc-linux-gnu/11.2.0/../../../../x86_64-pc-linux-gnu/bin/
LIBRARY_PATH=/usr/lib/gcc/x86_64-pc-linux-gnu/11.2.0/:/usr/lib/gcc/x86_64-pc-linux-gnu/11.2.0/../../../../lib64/:/lib/../lib64/:/usr/lib/../lib64/:/usr/lib/gcc/x86_64-pc-linux-gnu/11.2.0/../../../../x86_64-pc-linux-gnu/lib/:/usr/lib/gcc/x86_64-pc-linux-gnu/11.2.0/../../../:/lib/:/usr/lib/
COLLECT_GCC_OPTIONS='-v' '-o' 'CMakeFiles/cmTC_86c3f.dir/CMakeCCompilerABI.c.o' '-c' '-mtune=generic' '-march=x86-64' '-dumpdir' 'CMakeFiles/cmTC_86c3f.dir/CMakeCCompilerABI.c.'
Linking C executable cmTC_86c3f
/home/except/.local/share/JetBrains/Toolbox/apps/CLion/ch-0/203.8084.11/bin/cmake/linux/bin/cmake -E cmake_link_script CMakeFiles/cmTC_86c3f.dir/link.txt --verbose=1
/usr/bin/cc     -v CMakeFiles/cmTC_86c3f.dir/CMakeCCompilerABI.c.o  -o cmTC_86c3f 
Using built-in specs.
COLLECT_GCC=/usr/bin/cc
COLLECT_LTO_WRAPPER=/usr/libexec/gcc/x86_64-pc-linux-gnu/11.2.0/lto-wrapper
Target: x86_64-pc-linux-gnu
Configured with: /var/calculate/tmp/portage/sys-devel/gcc-11.2.0/work/gcc-11.2.0/configure --host=x86_64-pc-linux-gnu --build=x86_64-pc-linux-gnu --prefix=/usr --bindir=/usr/x86_64-pc-linux-gnu/gcc-bin/11.2.0 --includedir=/usr/lib/gcc/x86_64-pc-linux-gnu/11.2.0/include --datadir=/usr/share/gcc-data/x86_64-pc-linux-gnu/11.2.0 --mandir=/usr/share/gcc-data/x86_64-pc-linux-gnu/11.2.0/man --infodir=/usr/share/gcc-data/x86_64-pc-linux-gnu/11.2.0/info --with-gxx-include-dir=/usr/lib/gcc/x86_64-pc-linux-gnu/11.2.0/include/g++-v11 --with-python-dir=/share/gcc-data/x86_64-pc-linux-gnu/11.2.0/python --enable-languages=c,c++,objc,fortran --enable-obsolete --enable-secureplt --disable-werror --with-system-zlib --enable-nls --without-included-gettext --disable-libunwind-exceptions --enable-checking=release --with-bugurl=https://bugs.gentoo.org/ --with-pkgversion='Gentoo 11.2.0 p1' --disable-esp --enable-libstdcxx-time --enable-shared --enable-threads=posix --enable-__cxa_atexit --enable-clocale=gnu --enable-multilib --with-multilib-list=m32,m64 --disable-fixed-point --enable-targets=all --enable-libgomp --disable-libssp --disable-libada --disable-systemtap --disable-valgrind-annotations --disable-vtable-verify --disable-libvtv --with-zstd --enable-lto --with-isl --disable-isl-version-check --enable-default-pie --enable-default-ssp
Thread model: posix
Supported LTO compression algorithms: zlib zstd
gcc version 11.2.0 (Gentoo 11.2.0 p1) 
COMPILER_PATH=/usr/libexec/gcc/x86_64-pc-linux-gnu/11.2.0/:/usr/libexec/gcc/x86_64-pc-linux-gnu/11.2.0/:/usr/libexec/gcc/x86_64-pc-linux-gnu/:/usr/lib/gcc/x86_64-pc-linux-gnu/11.2.0/:/usr/lib/gcc/x86_64-pc-linux-gnu/:/usr/lib/gcc/x86_64-pc-linux-gnu/11.2.0/../../../../x86_64-pc-linux-gnu/bin/
LIBRARY_PATH=/usr/lib/gcc/x86_64-pc-linux-gnu/11.2.0/:/usr/lib/gcc/x86_64-pc-linux-gnu/11.2.0/../../../../lib64/:/lib/../lib64/:/usr/lib/../lib64/:/usr/lib/gcc/x86_64-pc-linux-gnu/11.2.0/../../../../x86_64-pc-linux-gnu/lib/:/usr/lib/gcc/x86_64-pc-linux-gnu/11.2.0/../../../:/lib/:/usr/lib/
COLLECT_GCC_OPTIONS='-v' '-o' 'cmTC_86c3f' '-mtune=generic' '-march=x86-64' '-dumpdir' 'cmTC_86c3f.'
 /usr/libexec/gcc/x86_64-pc-linux-gnu/11.2.0/collect2 -plugin /usr/libexec/gcc/x86_64-pc-linux-gnu/11.2.0/liblto_plugin.so -plugin-opt=/usr/libexec/gcc/x86_64-pc-linux-gnu/11.2.0/lto-wrapper -plugin-opt=-fresolution=/tmp/ccIypnNW.res -plugin-opt=-pass-through=-lgcc -plugin-opt=-pass-through=-lgcc_s -plugin-opt=-pass-through=-lc -plugin-opt=-pass-through=-lgcc -plugin-opt=-pass-through=-lgcc_s --eh-frame-hdr -m elf_x86_64 -dynamic-linker /lib64/ld-linux-x86-64.so.2 -pie -o cmTC_86c3f /usr/lib/gcc/x86_64-pc-linux-gnu/11.2.0/../../../../lib64/Scrt1.o /usr/lib/gcc/x86_64-pc-linux-gnu/11.2.0/../../../../lib64/crti.o /usr/lib/gcc/x86_64-pc-linux-gnu/11.2.0/crtbeginS.o -L/usr/lib/gcc/x86_64-pc-linux-gnu/11.2.0 -L/usr/lib/gcc/x86_64-pc-linux-gnu/11.2.0/../../../../lib64 -L/lib/../lib64 -L/usr/lib/../lib64 -L/usr/lib/gcc/x86_64-pc-linux-gnu/11.2.0/../../../../x86_64-pc-linux-gnu/lib -L/usr/lib/gcc/x86_64-pc-linux-gnu/11.2.0/../../.. CMakeFiles/cmTC_86c3f.dir/CMakeCCompilerABI.c.o -lgcc --push-state --as-needed -lgcc_s --pop-state -lc -lgcc --push-state --as-needed -lgcc_s --pop-state /usr/lib/gcc/x86_64-pc-linux-gnu/11.2.0/crtendS.o /usr/lib/gcc/x86_64-pc-linux-gnu/11.2.0/../../../../lib64/crtn.o
COLLECT_GCC_OPTIONS='-v' '-o' 'cmTC_86c3f' '-mtune=generic' '-march=x86-64' '-dumpdir' 'cmTC_86c3f.'
gmake[1]: Leaving directory '/home/except/Prj/My/Lessons/CPPAdv/Lesson1/cmake-build-debug/CMakeFiles/CMakeTmp'



Parsed C implicit include dir info from above output: rv=done
  found start of include info
  found start of implicit include info
    add: [/usr/lib/gcc/x86_64-pc-linux-gnu/11.2.0/include]
    add: [/usr/lib/gcc/x86_64-pc-linux-gnu/11.2.0/include-fixed]
    add: [/usr/include]
  end of search list found
  collapse include dir [/usr/lib/gcc/x86_64-pc-linux-gnu/11.2.0/include] ==> [/usr/lib/gcc/x86_64-pc-linux-gnu/11.2.0/include]
  collapse include dir [/usr/lib/gcc/x86_64-pc-linux-gnu/11.2.0/include-fixed] ==> [/usr/lib/gcc/x86_64-pc-linux-gnu/11.2.0/include-fixed]
  collapse include dir [/usr/include] ==> [/usr/include]
  implicit include dirs: [/usr/lib/gcc/x86_64-pc-linux-gnu/11.2.0/include;/usr/lib/gcc/x86_64-pc-linux-gnu/11.2.0/include-fixed;/usr/include]


Parsed C implicit link information from above output:
  link line regex: [^( *|.*[/\])(ld|CMAKE_LINK_STARTFILE-NOTFOUND|([^/\]+-)?ld|collect2)[^/\]*( |$)]
  ignore line: [Change Dir: /home/except/Prj/My/Lessons/CPPAdv/Lesson1/cmake-build-debug/CMakeFiles/CMakeTmp]
  ignore line: []
  ignore line: [Run Build Command(s):/usr/bin/gmake cmTC_86c3f/fast && /usr/bin/gmake  -f CMakeFiles/cmTC_86c3f.dir/build.make CMakeFiles/cmTC_86c3f.dir/build]
  ignore line: [gmake[1]: Entering directory '/home/except/Prj/My/Lessons/CPPAdv/Lesson1/cmake-build-debug/CMakeFiles/CMakeTmp']
  ignore line: [Building C object CMakeFiles/cmTC_86c3f.dir/CMakeCCompilerABI.c.o]
  ignore line: [/usr/bin/cc   -v -o CMakeFiles/cmTC_86c3f.dir/CMakeCCompilerABI.c.o   -c /home/except/.local/share/JetBrains/Toolbox/apps/CLion/ch-0/203.8084.11/bin/cmake/linux/share/cmake-3.17/Modules/CMakeCCompilerABI.c]
  ignore line: [Using built-in specs.]
  ignore line: [COLLECT_GCC=/usr/bin/cc]
  ignore line: [Target: x86_64-pc-linux-gnu]
  ignore line: [Configured with: /var/calculate/tmp/portage/sys-devel/gcc-11.2.0/work/gcc-11.2.0/configure --host=x86_64-pc-linux-gnu --build=x86_64-pc-linux-gnu --prefix=/usr --bindir=/usr/x86_64-pc-linux-gnu/gcc-bin/11.2.0 --includedir=/usr/lib/gcc/x86_64-pc-linux-gnu/11.2.0/include --datadir=/usr/share/gcc-data/x86_64-pc-linux-gnu/11.2.0 --mandir=/usr/share/gcc-data/x86_64-pc-linux-gnu/11.2.0/man --infodir=/usr/share/gcc-data/x86_64-pc-linux-gnu/11.2.0/info --with-gxx-include-dir=/usr/lib/gcc/x86_64-pc-linux-gnu/11.2.0/include/g++-v11 --with-python-dir=/share/gcc-data/x86_64-pc-linux-gnu/11.2.0/python --enable-languages=c c++ objc fortran --enable-obsolete --enable-secureplt --disable-werror --with-system-zlib --enable-nls --without-included-gettext --disable-libunwind-exceptions --enable-checking=release --with-bugurl=https://bugs.gentoo.org/ --with-pkgversion='Gentoo 11.2.0 p1' --disable-esp --enable-libstdcxx-time --enable-shared --enable-threads=posix --enable-__cxa_atexit --enable-clocale=gnu --enable-multilib --with-multilib-list=m32 m64 --disable-fixed-point --enable-targets=all --enable-libgomp --disable-libssp --disable-libada --disable-systemtap --disable-valgrind-annotations --disable-vtable-verify --disable-libvtv --with-zstd --enable-lto --with-isl --disable-isl-version-check --enable-default-pie --enable-default-ssp]
  ignore line: [Thread model: posix]
  ignore line: [Supported LTO compression algorithms: zlib zstd]
  ignore line: [gcc version 11.2.0 (Gentoo 11.2.0 p1) ]
  ignore line: [COLLECT_GCC_OPTIONS='-v' '-o' 'CMakeFiles/cmTC_86c3f.dir/CMakeCCompilerABI.c.o' '-c' '-mtune=generic' '-march=x86-64' '-dumpdir' 'CMakeFiles/cmTC_86c3f.dir/']
  ignore line: [ /usr/libexec/gcc/x86_64-pc-linux-gnu/11.2.0/cc1 -quiet -v /home/except/.local/share/JetBrains/Toolbox/apps/CLion/ch-0/203.8084.11/bin/cmake/linux/share/cmake-3.17/Modules/CMakeCCompilerABI.c -quiet -dumpdir CMakeFiles/cmTC_86c3f.dir/ -dumpbase CMakeCCompilerABI.c.c -dumpbase-ext .c -mtune=generic -march=x86-64 -version -o /tmp/ccRiRBLp.s]
  ignore line: [GNU C17 (Gentoo 11.2.0 p1) version 11.2.0 (x86_64-pc-linux-gnu)]
  ignore line: [	compiled by GNU C version 11.2.0  GMP version 6.2.1  MPFR version 4.1.0  MPC version 1.2.1  isl version isl-0.24-GMP]
  ignore line: []
  ignore line: [GGC heuristics: --param ggc-min-expand=100 --param ggc-min-heapsize=131072]
  ignore line: [ignoring nonexistent directory "/usr/local/include"]
  ignore line: [ignoring nonexistent directory "/usr/lib/gcc/x86_64-pc-linux-gnu/11.2.0/../../../../x86_64-pc-linux-gnu/include"]
  ignore line: [#include "..." search starts here:]
  ignore line: [#include <...> search starts here:]
  ignore line: [ /usr/lib/gcc/x86_64-pc-linux-gnu/11.2.0/include]
  ignore line: [ /usr/lib/gcc/x86_64-pc-linux-gnu/11.2.0/include-fixed]
  ignore line: [ /usr/include]
  ignore line: [End of search list.]
  ignore line: [GNU C17 (Gentoo 11.2.0 p1) version 11.2.0 (x86_64-pc-linux-gnu)]
  ignore line: [	compiled by GNU C version 11.2.0  GMP version 6.2.1  MPFR version 4.1.0  MPC version 1.2.1  isl version isl-0.24-GMP]
  ignore line: []
  ignore line: [GGC heuristics: --param ggc-min-expand=100 --param ggc-min-heapsize=131072]
  ignore line: [Compiler executable checksum: 319a7f3abdd5954dea1911b1f3c29e3b]
  ignore line: [COLLECT_GCC_OPTIONS='-v' '-o' 'CMakeFiles/cmTC_86c3f.dir/CMakeCCompilerABI.c.o' '-c' '-mtune=generic' '-march=x86-64' '-dumpdir' 'CMakeFiles/cmTC_86c3f.dir/']
  ignore line: [ /usr/lib/gcc/x86_64-pc-linux-gnu/11.2.0/../../../../x86_64-pc-linux-gnu/bin/as -v --64 -o CMakeFiles/cmTC_86c3f.dir/CMakeCCompilerABI.c.o /tmp/ccRiRBLp.s]
  ignore line: [GNU assembler version 2.37 (x86_64-pc-linux-gnu) using BFD version (Gentoo 2.37_p1 p0) 2.37]
  ignore line: [COMPILER_PATH=/usr/libexec/gcc/x86_64-pc-linux-gnu/11.2.0/:/usr/libexec/gcc/x86_64-pc-linux-gnu/11.2.0/:/usr/libexec/gcc/x86_64-pc-linux-gnu/:/usr/lib/gcc/x86_64-pc-linux-gnu/11.2.0/:/usr/lib/gcc/x86_64-pc-linux-gnu/:/usr/lib/gcc/x86_64-pc-linux-gnu/11.2.0/../../../../x86_64-pc-linux-gnu/bin/]
  ignore line: [LIBRARY_PATH=/usr/lib/gcc/x86_64-pc-linux-gnu/11.2.0/:/usr/lib/gcc/x86_64-pc-linux-gnu/11.2.0/../../../../lib64/:/lib/../lib64/:/usr/lib/../lib64/:/usr/lib/gcc/x86_64-pc-linux-gnu/11.2.0/../../../../x86_64-pc-linux-gnu/lib/:/usr/lib/gcc/x86_64-pc-linux-gnu/11.2.0/../../../:/lib/:/usr/lib/]
  ignore line: [COLLECT_GCC_OPTIONS='-v' '-o' 'CMakeFiles/cmTC_86c3f.dir/CMakeCCompilerABI.c.o' '-c' '-mtune=generic' '-march=x86-64' '-dumpdir' 'CMakeFiles/cmTC_86c3f.dir/CMakeCCompilerABI.c.']
  ignore line: [Linking C executable cmTC_86c3f]
  ignore line: [/home/except/.local/share/JetBrains/Toolbox/apps/CLion/ch-0/203.8084.11/bin/cmake/linux/bin/cmake -E cmake_link_script CMakeFiles/cmTC_86c3f.dir/link.txt --verbose=1]
  ignore line: [/usr/bin/cc     -v CMakeFiles/cmTC_86c3f.dir/CMakeCCompilerABI.c.o  -o cmTC_86c3f ]
  ignore line: [Using built-in specs.]
  ignore line: [COLLECT_GCC=/usr/bin/cc]
  ignore line: [COLLECT_LTO_WRAPPER=/usr/libexec/gcc/x86_64-pc-linux-gnu/11.2.0/lto-wrapper]
  ignore line: [Target: x86_64-pc-linux-gnu]
  ignore line: [Configured with: /var/calculate/tmp/portage/sys-devel/gcc-11.2.0/work/gcc-11.2.0/configure --host=x86_64-pc-linux-gnu --build=x86_64-pc-linux-gnu --prefix=/usr --bindir=/usr/x86_64-pc-linux-gnu/gcc-bin/11.2.0 --includedir=/usr/lib/gcc/x86_64-pc-linux-gnu/11.2.0/include --datadir=/usr/share/gcc-data/x86_64-pc-linux-gnu/11.2.0 --mandir=/usr/share/gcc-data/x86_64-pc-linux-gnu/11.2.0/man --infodir=/usr/share/gcc-data/x86_64-pc-linux-gnu/11.2.0/info --with-gxx-include-dir=/usr/lib/gcc/x86_64-pc-linux-gnu/11.2.0/include/g++-v11 --with-python-dir=/share/gcc-data/x86_64-pc-linux-gnu/11.2.0/python --enable-languages=c c++ objc fortran --enable-obsolete --enable-secureplt --disable-werror --with-system-zlib --enable-nls --without-included-gettext --disable-libunwind-exceptions --enable-checking=release --with-bugurl=https://bugs.gentoo.org/ --with-pkgversion='Gentoo 11.2.0 p1' --disable-esp --enable-libstdcxx-time --enable-shared --enable-threads=posix --enable-__cxa_atexit --enable-clocale=gnu --enable-multilib --with-multilib-list=m32 m64 --disable-fixed-point --enable-targets=all --enable-libgomp --disable-libssp --disable-libada --disable-systemtap --disable-valgrind-annotations --disable-vtable-verify --disable-libvtv --with-zstd --enable-lto --with-isl --disable-isl-version-check --enable-default-pie --enable-default-ssp]
  ignore line: [Thread model: posix]
  ignore line: [Supported LTO compression algorithms: zlib zstd]
  ignore line: [gcc version 11.2.0 (Gentoo 11.2.0 p1) ]
  ignore line: [COMPILER_PATH=/usr/libexec/gcc/x86_64-pc-linux-gnu/11.2.0/:/usr/libexec/gcc/x86_64-pc-linux-gnu/11.2.0/:/usr/libexec/gcc/x86_64-pc-linux-gnu/:/usr/lib/gcc/x86_64-pc-linux-gnu/11.2.0/:/usr/lib/gcc/x86_64-pc-linux-gnu/:/usr/lib/gcc/x86_64-pc-linux-gnu/11.2.0/../../../../x86_64-pc-linux-gnu/bin/]
  ignore line: [LIBRARY_PATH=/usr/lib/gcc/x86_64-pc-linux-gnu/11.2.0/:/usr/lib/gcc/x86_64-pc-linux-gnu/11.2.0/../../../../lib64/:/lib/../lib64/:/usr/lib/../lib64/:/usr/lib/gcc/x86_64-pc-linux-gnu/11.2.0/../../../../x86_64-pc-linux-gnu/lib/:/usr/lib/gcc/x86_64-pc-linux-gnu/11.2.0/../../../:/lib/:/usr/lib/]
  ignore line: [COLLECT_GCC_OPTIONS='-v' '-o' 'cmTC_86c3f' '-mtune=generic' '-march=x86-64' '-dumpdir' 'cmTC_86c3f.']
  link line: [ /usr/libexec/gcc/x86_64-pc-linux-gnu/11.2.0/collect2 -plugin /usr/libexec/gcc/x86_64-pc-linux-gnu/11.2.0/liblto_plugin.so -plugin-opt=/usr/libexec/gcc/x86_64-pc-linux-gnu/11.2.0/lto-wrapper -plugin-opt=-fresolution=/tmp/ccIypnNW.res -plugin-opt=-pass-through=-lgcc -plugin-opt=-pass-through=-lgcc_s -plugin-opt=-pass-through=-lc -plugin-opt=-pass-through=-lgcc -plugin-opt=-pass-through=-lgcc_s --eh-frame-hdr -m elf_x86_64 -dynamic-linker /lib64/ld-linux-x86-64.so.2 -pie -o cmTC_86c3f /usr/lib/gcc/x86_64-pc-linux-gnu/11.2.0/../../../../lib64/Scrt1.o /usr/lib/gcc/x86_64-pc-linux-gnu/11.2.0/../../../../lib64/crti.o /usr/lib/gcc/x86_64-pc-linux-gnu/11.2.0/crtbeginS.o -L/usr/lib/gcc/x86_64-pc-linux-gnu/11.2.0 -L/usr/lib/gcc/x86_64-pc-linux-gnu/11.2.0/../../../../lib64 -L/lib/../lib64 -L/usr/lib/../lib64 -L/usr/lib/gcc/x86_64-pc-linux-gnu/11.2.0/../../../../x86_64-pc-linux-gnu/lib -L/usr/lib/gcc/x86_64-pc-linux-gnu/11.2.0/../../.. CMakeFiles/cmTC_86c3f.dir/CMakeCCompilerABI.c.o -lgcc --push-state --as-needed -lgcc_s --pop-state -lc -lgcc --push-state --as-needed -lgcc_s --pop-state /usr/lib/gcc/x86_64-pc-linux-gnu/11.2.0/crtendS.o /usr/lib/gcc/x86_64-pc-linux-gnu/11.2.0/../../../../lib64/crtn.o]
    arg [/usr/libexec/gcc/x86_64-pc-linux-gnu/11.2.0/collect2] ==> ignore
    arg [-plugin] ==> ignore
    arg [/usr/libexec/gcc/x86_64-pc-linux-gnu/11.2.0/liblto_plugin.so] ==> ignore
    arg [-plugin-opt=/usr/libexec/gcc/x86_64-pc-linux-gnu/11.2.0/lto-wrapper] ==> ignore
    arg [-plugin-opt=-fresolution=/tmp/ccIypnNW.res] ==> ignore
    arg [-plugin-opt=-pass-through=-lgcc] ==> ignore
    arg [-plugin-opt=-pass-through=-lgcc_s] ==> ignore
    arg [-plugin-opt=-pass-through=-lc] ==> ignore
    arg [-plugin-opt=-pass-through=-lgcc] ==> ignore
    arg [-plugin-opt=-pass-through=-lgcc_s] ==> ignore
    arg [--eh-frame-hdr] ==> ignore
    arg [-m] ==> ignore
    arg [elf_x86_64] ==> ignore
    arg [-dynamic-linker] ==> ignore
    arg [/lib64/ld-linux-x86-64.so.2] ==> ignore
    arg [-pie] ==> ignore
    arg [-o] ==> ignore
    arg [cmTC_86c3f] ==> ignore
    arg [/usr/lib/gcc/x86_64-pc-linux-gnu/11.2.0/../../../../lib64/Scrt1.o] ==> ignore
    arg [/usr/lib/gcc/x86_64-pc-linux-gnu/11.2.0/../../../../lib64/crti.o] ==> ignore
    arg [/usr/lib/gcc/x86_64-pc-linux-gnu/11.2.0/crtbeginS.o] ==> ignore
    arg [-L/usr/lib/gcc/x86_64-pc-linux-gnu/11.2.0] ==> dir [/usr/lib/gcc/x86_64-pc-linux-gnu/11.2.0]
    arg [-L/usr/lib/gcc/x86_64-pc-linux-gnu/11.2.0/../../../../lib64] ==> dir [/usr/lib/gcc/x86_64-pc-linux-gnu/11.2.0/../../../../lib64]
    arg [-L/lib/../lib64] ==> dir [/lib/../lib64]
    arg [-L/usr/lib/../lib64] ==> dir [/usr/lib/../lib64]
    arg [-L/usr/lib/gcc/x86_64-pc-linux-gnu/11.2.0/../../../../x86_64-pc-linux-gnu/lib] ==> dir [/usr/lib/gcc/x86_64-pc-linux-gnu/11.2.0/../../../../x86_64-pc-linux-gnu/lib]
    arg [-L/usr/lib/gcc/x86_64-pc-linux-gnu/11.2.0/../../..] ==> dir [/usr/lib/gcc/x86_64-pc-linux-gnu/11.2.0/../../..]
    arg [CMakeFiles/cmTC_86c3f.dir/CMakeCCompilerABI.c.o] ==> ignore
    arg [-lgcc] ==> lib [gcc]
    arg [--push-state] ==> ignore
    arg [--as-needed] ==> ignore
    arg [-lgcc_s] ==> lib [gcc_s]
    arg [--pop-state] ==> ignore
    arg [-lc] ==> lib [c]
    arg [-lgcc] ==> lib [gcc]
    arg [--push-state] ==> ignore
    arg [--as-needed] ==> ignore
    arg [-lgcc_s] ==> lib [gcc_s]
    arg [--pop-state] ==> ignore
    arg [/usr/lib/gcc/x86_64-pc-linux-gnu/11.2.0/crtendS.o] ==> ignore
    arg [/usr/lib/gcc/x86_64-pc-linux-gnu/11.2.0/../../../../lib64/crtn.o] ==> ignore
  collapse library dir [/usr/lib/gcc/x86_64-pc-linux-gnu/11.2.0] ==> [/usr/lib/gcc/x86_64-pc-linux-gnu/11.2.0]
  collapse library dir [/usr/lib/gcc/x86_64-pc-linux-gnu/11.2.0/../../../../lib64] ==> [/usr/lib64]
  collapse library dir [/lib/../lib64] ==> [/lib64]
  collapse library dir [/usr/lib/../lib64] ==> [/usr/lib64]
  collapse library dir [/usr/lib/gcc/x86_64-pc-linux-gnu/11.2.0/../../../../x86_64-pc-linux-gnu/lib] ==> [/usr/x86_64-pc-linux-gnu/lib]
  collapse library dir [/usr/lib/gcc/x86_64-pc-linux-gnu/11.2.0/../../..] ==> [/usr/lib]
  implicit libs: [gcc;gcc_s;c;gcc;gcc_s]
  implicit dirs: [/usr/lib/gcc/x86_64-pc-linux-gnu/11.2.0;/usr/lib64;/lib64;/usr/x86_64-pc-linux-gnu/lib;/usr/lib]
  implicit fwks: []


Determining if the CXX compiler works passed with the following output:
Change Dir: /home/except/Prj/My/Lessons/CPPAdv/Lesson1/cmake-build-debug/CMakeFiles/CMakeTmp

Run Build Command(s):/usr/bin/gmake cmTC_be4ad/fast && /usr/bin/gmake  -f CMakeFiles/cmTC_be4ad.dir/build.make CMakeFiles/cmTC_be4ad.dir/build
gmake[1]: вход в каталог «/home/except/Prj/My/Lessons/CPPAdv/Lesson1/cmake-build-debug/CMakeFiles/CMakeTmp»
Building CXX object CMakeFiles/cmTC_be4ad.dir/testCXXCompiler.cxx.o
/usr/bin/c++     -o CMakeFiles/cmTC_be4ad.dir/testCXXCompiler.cxx.o -c /home/except/Prj/My/Lessons/CPPAdv/Lesson1/cmake-build-debug/CMakeFiles/CMakeTmp/testCXXCompiler.cxx
Linking CXX executable cmTC_be4ad
/home/except/.local/share/JetBrains/Toolbox/apps/CLion/ch-0/203.8084.11/bin/cmake/linux/bin/cmake -E cmake_link_script CMakeFiles/cmTC_be4ad.dir/link.txt --verbose=1
/usr/bin/c++       CMakeFiles/cmTC_be4ad.dir/testCXXCompiler.cxx.o  -o cmTC_be4ad 
gmake[1]: выход из каталога «/home/except/Prj/My/Lessons/CPPAdv/Lesson1/cmake-build-debug/CMakeFiles/CMakeTmp»



Detecting CXX compiler ABI info compiled with the following output:
Change Dir: /home/except/Prj/My/Lessons/CPPAdv/Lesson1/cmake-build-debug/CMakeFiles/CMakeTmp

Run Build Command(s):/usr/bin/gmake cmTC_1280f/fast && /usr/bin/gmake  -f CMakeFiles/cmTC_1280f.dir/build.make CMakeFiles/cmTC_1280f.dir/build
gmake[1]: Entering directory '/home/except/Prj/My/Lessons/CPPAdv/Lesson1/cmake-build-debug/CMakeFiles/CMakeTmp'
Building CXX object CMakeFiles/cmTC_1280f.dir/CMakeCXXCompilerABI.cpp.o
/usr/bin/c++    -v -o CMakeFiles/cmTC_1280f.dir/CMakeCXXCompilerABI.cpp.o -c /home/except/.local/share/JetBrains/Toolbox/apps/CLion/ch-0/203.8084.11/bin/cmake/linux/share/cmake-3.17/Modules/CMakeCXXCompilerABI.cpp
Using built-in specs.
COLLECT_GCC=/usr/bin/c++
Target: x86_64-pc-linux-gnu
Configured with: /var/calculate/tmp/portage/sys-devel/gcc-11.2.0/work/gcc-11.2.0/configure --host=x86_64-pc-linux-gnu --build=x86_64-pc-linux-gnu --prefix=/usr --bindir=/usr/x86_64-pc-linux-gnu/gcc-bin/11.2.0 --includedir=/usr/lib/gcc/x86_64-pc-linux-gnu/11.2.0/include --datadir=/usr/share/gcc-data/x86_64-pc-linux-gnu/11.2.0 --mandir=/usr/share/gcc-data/x86_64-pc-linux-gnu/11.2.0/man --infodir=/usr/share/gcc-data/x86_64-pc-linux-gnu/11.2.0/info --with-gxx-include-dir=/usr/lib/gcc/x86_64-pc-linux-gnu/11.2.0/include/g++-v11 --with-python-dir=/share/gcc-data/x86_64-pc-linux-gnu/11.2.0/python --enable-languages=c,c++,objc,fortran --enable-obsolete --enable-secureplt --disable-werror --with-system-zlib --enable-nls --without-included-gettext --disable-libunwind-exceptions --enable-checking=release --with-bugurl=https://bugs.gentoo.org/ --with-pkgversion='Gentoo 11.2.0 p1' --disable-esp --enable-libstdcxx-time --enable-shared --enable-threads=posix --enable-__cxa_atexit --enable-clocale=gnu --enable-multilib --with-multilib-list=m32,m64 --disable-fixed-point --enable-targets=all --enable-libgomp --disable-libssp --disable-libada --disable-systemtap --disable-valgrind-annotations --disable-vtable-verify --disable-libvtv --with-zstd --enable-lto --with-isl --disable-isl-version-check --enable-default-pie --enable-default-ssp
Thread model: posix
Supported LTO compression algorithms: zlib zstd
gcc version 11.2.0 (Gentoo 11.2.0 p1) 
COLLECT_GCC_OPTIONS='-v' '-o' 'CMakeFiles/cmTC_1280f.dir/CMakeCXXCompilerABI.cpp.o' '-c' '-shared-libgcc' '-mtune=generic' '-march=x86-64' '-dumpdir' 'CMakeFiles/cmTC_1280f.dir/'
 /usr/libexec/gcc/x86_64-pc-linux-gnu/11.2.0/cc1plus -quiet -v -D_GNU_SOURCE /home/except/.local/share/JetBrains/Toolbox/apps/CLion/ch-0/203.8084.11/bin/cmake/linux/share/cmake-3.17/Modules/CMakeCXXCompilerABI.cpp -quiet -dumpdir CMakeFiles/cmTC_1280f.dir/ -dumpbase CMakeCXXCompilerABI.cpp.cpp -dumpbase-ext .cpp -mtune=generic -march=x86-64 -version -o /tmp/ccVjyCo4.s
GNU C++17 (Gentoo 11.2.0 p1) version 11.2.0 (x86_64-pc-linux-gnu)
	compiled by GNU C version 11.2.0, GMP version 6.2.1, MPFR version 4.1.0, MPC version 1.2.1, isl version isl-0.24-GMP

GGC heuristics: --param ggc-min-expand=100 --param ggc-min-heapsize=131072
ignoring nonexistent directory "/usr/local/include"
ignoring nonexistent directory "/usr/lib/gcc/x86_64-pc-linux-gnu/11.2.0/../../../../x86_64-pc-linux-gnu/include"
#include "..." search starts here:
#include <...> search starts here:
 /usr/lib/gcc/x86_64-pc-linux-gnu/11.2.0/include/g++-v11
 /usr/lib/gcc/x86_64-pc-linux-gnu/11.2.0/include/g++-v11/x86_64-pc-linux-gnu
 /usr/lib/gcc/x86_64-pc-linux-gnu/11.2.0/include/g++-v11/backward
 /usr/lib/gcc/x86_64-pc-linux-gnu/11.2.0/include
 /usr/lib/gcc/x86_64-pc-linux-gnu/11.2.0/include-fixed
 /usr/include
End of search list.
GNU C++17 (Gentoo 11.2.0 p1) version 11.2.0 (x86_64-pc-linux-gnu)
	compiled by GNU C version 11.2.0, GMP version 6.2.1, MPFR version 4.1.0, MPC version 1.2.1, isl version isl-0.24-GMP

GGC heuristics: --param ggc-min-expand=100 --param ggc-min-heapsize=131072
Compiler executable checksum: 2814428551caba62274ac0c92c6bca47
COLLECT_GCC_OPTIONS='-v' '-o' 'CMakeFiles/cmTC_1280f.dir/CMakeCXXCompilerABI.cpp.o' '-c' '-shared-libgcc' '-mtune=generic' '-march=x86-64' '-dumpdir' 'CMakeFiles/cmTC_1280f.dir/'
 /usr/lib/gcc/x86_64-pc-linux-gnu/11.2.0/../../../../x86_64-pc-linux-gnu/bin/as -v --64 -o CMakeFiles/cmTC_1280f.dir/CMakeCXXCompilerABI.cpp.o /tmp/ccVjyCo4.s
GNU assembler version 2.37 (x86_64-pc-linux-gnu) using BFD version (Gentoo 2.37_p1 p0) 2.37
COMPILER_PATH=/usr/libexec/gcc/x86_64-pc-linux-gnu/11.2.0/:/usr/libexec/gcc/x86_64-pc-linux-gnu/11.2.0/:/usr/libexec/gcc/x86_64-pc-linux-gnu/:/usr/lib/gcc/x86_64-pc-linux-gnu/11.2.0/:/usr/lib/gcc/x86_64-pc-linux-gnu/:/usr/lib/gcc/x86_64-pc-linux-gnu/11.2.0/../../../../x86_64-pc-linux-gnu/bin/
LIBRARY_PATH=/usr/lib/gcc/x86_64-pc-linux-gnu/11.2.0/:/usr/lib/gcc/x86_64-pc-linux-gnu/11.2.0/../../../../lib64/:/lib/../lib64/:/usr/lib/../lib64/:/usr/lib/gcc/x86_64-pc-linux-gnu/11.2.0/../../../../x86_64-pc-linux-gnu/lib/:/usr/lib/gcc/x86_64-pc-linux-gnu/11.2.0/../../../:/lib/:/usr/lib/
COLLECT_GCC_OPTIONS='-v' '-o' 'CMakeFiles/cmTC_1280f.dir/CMakeCXXCompilerABI.cpp.o' '-c' '-shared-libgcc' '-mtune=generic' '-march=x86-64' '-dumpdir' 'CMakeFiles/cmTC_1280f.dir/CMakeCXXCompilerABI.cpp.'
Linking CXX executable cmTC_1280f
/home/except/.local/share/JetBrains/Toolbox/apps/CLion/ch-0/203.8084.11/bin/cmake/linux/bin/cmake -E cmake_link_script CMakeFiles/cmTC_1280f.dir/link.txt --verbose=1
/usr/bin/c++      -v CMakeFiles/cmTC_1280f.dir/CMakeCXXCompilerABI.cpp.o  -o cmTC_1280f 
Using built-in specs.
COLLECT_GCC=/usr/bin/c++
COLLECT_LTO_WRAPPER=/usr/libexec/gcc/x86_64-pc-linux-gnu/11.2.0/lto-wrapper
Target: x86_64-pc-linux-gnu
Configured with: /var/calculate/tmp/portage/sys-devel/gcc-11.2.0/work/gcc-11.2.0/configure --host=x86_64-pc-linux-gnu --build=x86_64-pc-linux-gnu --prefix=/usr --bindir=/usr/x86_64-pc-linux-gnu/gcc-bin/11.2.0 --includedir=/usr/lib/gcc/x86_64-pc-linux-gnu/11.2.0/include --datadir=/usr/share/gcc-data/x86_64-pc-linux-gnu/11.2.0 --mandir=/usr/share/gcc-data/x86_64-pc-linux-gnu/11.2.0/man --infodir=/usr/share/gcc-data/x86_64-pc-linux-gnu/11.2.0/info --with-gxx-include-dir=/usr/lib/gcc/x86_64-pc-linux-gnu/11.2.0/include/g++-v11 --with-python-dir=/share/gcc-data/x86_64-pc-linux-gnu/11.2.0/python --enable-languages=c,c++,objc,fortran --enable-obsolete --enable-secureplt --disable-werror --with-system-zlib --enable-nls --without-included-gettext --disable-libunwind-exceptions --enable-checking=release --with-bugurl=https://bugs.gentoo.org/ --with-pkgversion='Gentoo 11.2.0 p1' --disable-esp --enable-libstdcxx-time --enable-shared --enable-threads=posix --enable-__cxa_atexit --enable-clocale=gnu --enable-multilib --with-multilib-list=m32,m64 --disable-fixed-point --enable-targets=all --enable-libgomp --disable-libssp --disable-libada --disable-systemtap --disable-valgrind-annotations --disable-vtable-verify --disable-libvtv --with-zstd --enable-lto --with-isl --disable-isl-version-check --enable-default-pie --enable-default-ssp
Thread model: posix
Supported LTO compression algorithms: zlib zstd
gcc version 11.2.0 (Gentoo 11.2.0 p1) 
COMPILER_PATH=/usr/libexec/gcc/x86_64-pc-linux-gnu/11.2.0/:/usr/libexec/gcc/x86_64-pc-linux-gnu/11.2.0/:/usr/libexec/gcc/x86_64-pc-linux-gnu/:/usr/lib/gcc/x86_64-pc-linux-gnu/11.2.0/:/usr/lib/gcc/x86_64-pc-linux-gnu/:/usr/lib/gcc/x86_64-pc-linux-gnu/11.2.0/../../../../x86_64-pc-linux-gnu/bin/
LIBRARY_PATH=/usr/lib/gcc/x86_64-pc-linux-gnu/11.2.0/:/usr/lib/gcc/x86_64-pc-linux-gnu/11.2.0/../../../../lib64/:/lib/../lib64/:/usr/lib/../lib64/:/usr/lib/gcc/x86_64-pc-linux-gnu/11.2.0/../../../../x86_64-pc-linux-gnu/lib/:/usr/lib/gcc/x86_64-pc-linux-gnu/11.2.0/../../../:/lib/:/usr/lib/
COLLECT_GCC_OPTIONS='-v' '-o' 'cmTC_1280f' '-shared-libgcc' '-mtune=generic' '-march=x86-64' '-dumpdir' 'cmTC_1280f.'
 /usr/libexec/gcc/x86_64-pc-linux-gnu/11.2.0/collect2 -plugin /usr/libexec/gcc/x86_64-pc-linux-gnu/11.2.0/liblto_plugin.so -plugin-opt=/usr/libexec/gcc/x86_64-pc-linux-gnu/11.2.0/lto-wrapper -plugin-opt=-fresolution=/tmp/ccnwNDxz.res -plugin-opt=-pass-through=-lgcc_s -plugin-opt=-pass-through=-lgcc -plugin-opt=-pass-through=-lc -plugin-opt=-pass-through=-lgcc_s -plugin-opt=-pass-through=-lgcc --eh-frame-hdr -m elf_x86_64 -dynamic-linker /lib64/ld-linux-x86-64.so.2 -pie -o cmTC_1280f /usr/lib/gcc/x86_64-pc-linux-gnu/11.2.0/../../../../lib64/Scrt1.o /usr/lib/gcc/x86_64-pc-linux-gnu/11.2.0/../../../../lib64/crti.o /usr/lib/gcc/x86_64-pc-linux-gnu/11.2.0/crtbeginS.o -L/usr/lib/gcc/x86_64-pc-linux-gnu/11.2.0 -L/usr/lib/gcc/x86_64-pc-linux-gnu/11.2.0/../../../../lib64 -L/lib/../lib64 -L/usr/lib/../lib64 -L/usr/lib/gcc/x86_64-pc-linux-gnu/11.2.0/../../../../x86_64-pc-linux-gnu/lib -L/usr/lib/gcc/x86_64-pc-linux-gnu/11.2.0/../../.. CMakeFiles/cmTC_1280f.dir/CMakeCXXCompilerABI.cpp.o -lstdc++ -lm -lgcc_s -lgcc -lc -lgcc_s -lgcc /usr/lib/gcc/x86_64-pc-linux-gnu/11.2.0/crtendS.o /usr/lib/gcc/x86_64-pc-linux-gnu/11.2.0/../../../../lib64/crtn.o
COLLECT_GCC_OPTIONS='-v' '-o' 'cmTC_1280f' '-shared-libgcc' '-mtune=generic' '-march=x86-64' '-dumpdir' 'cmTC_1280f.'
gmake[1]: Leaving directory '/home/except/Prj/My/Lessons/CPPAdv/Lesson1/cmake-build-debug/CMakeFiles/CMakeTmp'



Parsed CXX implicit include dir info from above output: rv=done
  found start of include info
  found start of implicit include info
    add: [/usr/lib/gcc/x86_64-pc-linux-gnu/11.2.0/include/g++-v11]
    add: [/usr/lib/gcc/x86_64-pc-linux-gnu/11.2.0/include/g++-v11/x86_64-pc-linux-gnu]
    add: [/usr/lib/gcc/x86_64-pc-linux-gnu/11.2.0/include/g++-v11/backward]
    add: [/usr/lib/gcc/x86_64-pc-linux-gnu/11.2.0/include]
    add: [/usr/lib/gcc/x86_64-pc-linux-gnu/11.2.0/include-fixed]
    add: [/usr/include]
  end of search list found
  collapse include dir [/usr/lib/gcc/x86_64-pc-linux-gnu/11.2.0/include/g++-v11] ==> [/usr/lib/gcc/x86_64-pc-linux-gnu/11.2.0/include/g++-v11]
  collapse include dir [/usr/lib/gcc/x86_64-pc-linux-gnu/11.2.0/include/g++-v11/x86_64-pc-linux-gnu] ==> [/usr/lib/gcc/x86_64-pc-linux-gnu/11.2.0/include/g++-v11/x86_64-pc-linux-gnu]
  collapse include dir [/usr/lib/gcc/x86_64-pc-linux-gnu/11.2.0/include/g++-v11/backward] ==> [/usr/lib/gcc/x86_64-pc-linux-gnu/11.2.0/include/g++-v11/backward]
  collapse include dir [/usr/lib/gcc/x86_64-pc-linux-gnu/11.2.0/include] ==> [/usr/lib/gcc/x86_64-pc-linux-gnu/11.2.0/include]
  collapse include dir [/usr/lib/gcc/x86_64-pc-linux-gnu/11.2.0/include-fixed] ==> [/usr/lib/gcc/x86_64-pc-linux-gnu/11.2.0/include-fixed]
  collapse include dir [/usr/include] ==> [/usr/include]
  implicit include dirs: [/usr/lib/gcc/x86_64-pc-linux-gnu/11.2.0/include/g++-v11;/usr/lib/gcc/x86_64-pc-linux-gnu/11.2.0/include/g++-v11/x86_64-pc-linux-gnu;/usr/lib/gcc/x86_64-pc-linux-gnu/11.2.0/include/g++-v11/backward;/usr/lib/gcc/x86_64-pc-linux-gnu/11.2.0/include;/usr/lib/gcc/x86_64-pc-linux-gnu/11.2.0/include-fixed;/usr/include]


Parsed CXX implicit link information from above output:
  link line regex: [^( *|.*[/\])(ld|CMAKE_LINK_STARTFILE-NOTFOUND|([^/\]+-)?ld|collect2)[^/\]*( |$)]
  ignore line: [Change Dir: /home/except/Prj/My/Lessons/CPPAdv/Lesson1/cmake-build-debug/CMakeFiles/CMakeTmp]
  ignore line: []
  ignore line: [Run Build Command(s):/usr/bin/gmake cmTC_1280f/fast && /usr/bin/gmake  -f CMakeFiles/cmTC_1280f.dir/build.make CMakeFiles/cmTC_1280f.dir/build]
  ignore line: [gmake[1]: Entering directory '/home/except/Prj/My/Lessons/CPPAdv/Lesson1/cmake-build-debug/CMakeFiles/CMakeTmp']
  ignore line: [Building CXX object CMakeFiles/cmTC_1280f.dir/CMakeCXXCompilerABI.cpp.o]
  ignore line: [/usr/bin/c++    -v -o CMakeFiles/cmTC_1280f.dir/CMakeCXXCompilerABI.cpp.o -c /home/except/.local/share/JetBrains/Toolbox/apps/CLion/ch-0/203.8084.11/bin/cmake/linux/share/cmake-3.17/Modules/CMakeCXXCompilerABI.cpp]
  ignore line: [Using built-in specs.]
  ignore line: [COLLECT_GCC=/usr/bin/c++]
  ignore line: [Target: x86_64-pc-linux-gnu]
  ignore line: [Configured with: /var/calculate/tmp/portage/sys-devel/gcc-11.2.0/work/gcc-11.2.0/configure --host=x86_64-pc-linux-gnu --build=x86_64-pc-linux-gnu --prefix=/usr --bindir=/usr/x86_64-pc-linux-gnu/gcc-bin/11.2.0 --includedir=/usr/lib/gcc/x86_64-pc-linux-gnu/11.2.0/include --datadir=/usr/share/gcc-data/x86_64-pc-linux-gnu/11.2.0 --mandir=/usr/share/gcc-data/x86_64-pc-linux-gnu/11.2.0/man --infodir=/usr/share/gcc-data/x86_64-pc-linux-gnu/11.2.0/info --with-gxx-include-dir=/usr/lib/gcc/x86_64-pc-linux-gnu/11.2.0/include/g++-v11 --with-python-dir=/share/gcc-data/x86_64-pc-linux-gnu/11.2.0/python --enable-languages=c c++ objc fortran --enable-obsolete --enable-secureplt --disable-werror --with-system-zlib --enable-nls --without-included-gettext --disable-libunwind-exceptions --enable-checking=release --with-bugurl=https://bugs.gentoo.org/ --with-pkgversion='Gentoo 11.2.0 p1' --disable-esp --enable-libstdcxx-time --enable-shared --enable-threads=posix --enable-__cxa_atexit --enable-clocale=gnu --enable-multilib --with-multilib-list=m32 m64 --disable-fixed-point --enable-targets=all --enable-libgomp --disable-libssp --disable-libada --disable-systemtap --disable-valgrind-annotations --disable-vtable-verify --disable-libvtv --with-zstd --enable-lto --with-isl --disable-isl-version-check --enable-default-pie --enable-default-ssp]
  ignore line: [Thread model: posix]
  ignore line: [Supported LTO compression algorithms: zlib zstd]
  ignore line: [gcc version 11.2.0 (Gentoo 11.2.0 p1) ]
  ignore line: [COLLECT_GCC_OPTIONS='-v' '-o' 'CMakeFiles/cmTC_1280f.dir/CMakeCXXCompilerABI.cpp.o' '-c' '-shared-libgcc' '-mtune=generic' '-march=x86-64' '-dumpdir' 'CMakeFiles/cmTC_1280f.dir/']
  ignore line: [ /usr/libexec/gcc/x86_64-pc-linux-gnu/11.2.0/cc1plus -quiet -v -D_GNU_SOURCE /home/except/.local/share/JetBrains/Toolbox/apps/CLion/ch-0/203.8084.11/bin/cmake/linux/share/cmake-3.17/Modules/CMakeCXXCompilerABI.cpp -quiet -dumpdir CMakeFiles/cmTC_1280f.dir/ -dumpbase CMakeCXXCompilerABI.cpp.cpp -dumpbase-ext .cpp -mtune=generic -march=x86-64 -version -o /tmp/ccVjyCo4.s]
  ignore line: [GNU C++17 (Gentoo 11.2.0 p1) version 11.2.0 (x86_64-pc-linux-gnu)]
  ignore line: [	compiled by GNU C version 11.2.0  GMP version 6.2.1  MPFR version 4.1.0  MPC version 1.2.1  isl version isl-0.24-GMP]
  ignore line: []
  ignore line: [GGC heuristics: --param ggc-min-expand=100 --param ggc-min-heapsize=131072]
  ignore line: [ignoring nonexistent directory "/usr/local/include"]
  ignore line: [ignoring nonexistent directory "/usr/lib/gcc/x86_64-pc-linux-gnu/11.2.0/../../../../x86_64-pc-linux-gnu/include"]
  ignore line: [#include "..." search starts here:]
  ignore line: [#include <...> search starts here:]
  ignore line: [ /usr/lib/gcc/x86_64-pc-linux-gnu/11.2.0/include/g++-v11]
  ignore line: [ /usr/lib/gcc/x86_64-pc-linux-gnu/11.2.0/include/g++-v11/x86_64-pc-linux-gnu]
  ignore line: [ /usr/lib/gcc/x86_64-pc-linux-gnu/11.2.0/include/g++-v11/backward]
  ignore line: [ /usr/lib/gcc/x86_64-pc-linux-gnu/11.2.0/include]
  ignore line: [ /usr/lib/gcc/x86_64-pc-linux-gnu/11.2.0/include-fixed]
  ignore line: [ /usr/include]
  ignore line: [End of search list.]
  ignore line: [GNU C++17 (Gentoo 11.2.0 p1) version 11.2.0 (x86_64-pc-linux-gnu)]
  ignore line: [	compiled by GNU C version 11.2.0  GMP version 6.2.1  MPFR version 4.1.0  MPC version 1.2.1  isl version isl-0.24-GMP]
  ignore line: []
  ignore line: [GGC heuristics: --param ggc-min-expand=100 --param ggc-min-heapsize=131072]
  ignore line: [Compiler executable checksum: 2814428551caba62274ac0c92c6bca47]
  ignore line: [COLLECT_GCC_OPTIONS='-v' '-o' 'CMakeFiles/cmTC_1280f.dir/CMakeCXXCompilerABI.cpp.o' '-c' '-shared-libgcc' '-mtune=generic' '-march=x86-64' '-dumpdir' 'CMakeFiles/cmTC_1280f.dir/']
  ignore line: [ /usr/lib/gcc/x86_64-pc-linux-gnu/11.2.0/../../../../x86_64-pc-linux-gnu/bin/as -v --64 -o CMakeFiles/cmTC_1280f.dir/CMakeCXXCompilerABI.cpp.o /tmp/ccVjyCo4.s]
  ignore line: [GNU assembler version 2.37 (x86_64-pc-linux-gnu) using BFD version (Gentoo 2.37_p1 p0) 2.37]
  ignore line: [COMPILER_PATH=/usr/libexec/gcc/x86_64-pc-linux-gnu/11.2.0/:/usr/libexec/gcc/x86_64-pc-linux-gnu/11.2.0/:/usr/libexec/gcc/x86_64-pc-linux-gnu/:/usr/lib/gcc/x86_64-pc-linux-gnu/11.2.0/:/usr/lib/gcc/x86_64-pc-linux-gnu/:/usr/lib/gcc/x86_64-pc-linux-gnu/11.2.0/../../../../x86_64-pc-linux-gnu/bin/]
  ignore line: [LIBRARY_PATH=/usr/lib/gcc/x86_64-pc-linux-gnu/11.2.0/:/usr/lib/gcc/x86_64-pc-linux-gnu/11.2.0/../../../../lib64/:/lib/../lib64/:/usr/lib/../lib64/:/usr/lib/gcc/x86_64-pc-linux-gnu/11.2.0/../../../../x86_64-pc-linux-gnu/lib/:/usr/lib/gcc/x86_64-pc-linux-gnu/11.2.0/../../../:/lib/:/usr/lib/]
  ignore line: [COLLECT_GCC_OPTIONS='-v' '-o' 'CMakeFiles/cmTC_1280f.dir/CMakeCXXCompilerABI.cpp.o' '-c' '-shared-libgcc' '-mtune=generic' '-march=x86-64' '-dumpdir' 'CMakeFiles/cmTC_1280f.dir/CMakeCXXCompilerABI.cpp.']
  ignore line: [Linking CXX executable cmTC_1280f]
  ignore line: [/home/except/.local/share/JetBrains/Toolbox/apps/CLion/ch-0/203.8084.11/bin/cmake/linux/bin/cmake -E cmake_link_script CMakeFiles/cmTC_1280f.dir/link.txt --verbose=1]
  ignore line: [/usr/bin/c++      -v CMakeFiles/cmTC_1280f.dir/CMakeCXXCompilerABI.cpp.o  -o cmTC_1280f ]
  ignore line: [Using built-in specs.]
  ignore line: [COLLECT_GCC=/usr/bin/c++]
  ignore line: [COLLECT_LTO_WRAPPER=/usr/libexec/gcc/x86_64-pc-linux-gnu/11.2.0/lto-wrapper]
  ignore line: [Target: x86_64-pc-linux-gnu]
  ignore line: [Configured with: /var/calculate/tmp/portage/sys-devel/gcc-11.2.0/work/gcc-11.2.0/configure --host=x86_64-pc-linux-gnu --build=x86_64-pc-linux-gnu --prefix=/usr --bindir=/usr/x86_64-pc-linux-gnu/gcc-bin/11.2.0 --includedir=/usr/lib/gcc/x86_64-pc-linux-gnu/11.2.0/include --datadir=/usr/share/gcc-data/x86_64-pc-linux-gnu/11.2.0 --mandir=/usr/share/gcc-data/x86_64-pc-linux-gnu/11.2.0/man --infodir=/usr/share/gcc-data/x86_64-pc-linux-gnu/11.2.0/info --with-gxx-include-dir=/usr/lib/gcc/x86_64-pc-linux-gnu/11.2.0/include/g++-v11 --with-python-dir=/share/gcc-data/x86_64-pc-linux-gnu/11.2.0/python --enable-languages=c c++ objc fortran --enable-obsolete --enable-secureplt --disable-werror --with-system-zlib --enable-nls --without-included-gettext --disable-libunwind-exceptions --enable-checking=release --with-bugurl=https://bugs.gentoo.org/ --with-pkgversion='Gentoo 11.2.0 p1' --disable-esp --enable-libstdcxx-time --enable-shared --enable-threads=posix --enable-__cxa_atexit --enable-clocale=gnu --enable-multilib --with-multilib-list=m32 m64 --disable-fixed-point --enable-targets=all --enable-libgomp --disable-libssp --disable-libada --disable-systemtap --disable-valgrind-annotations --disable-vtable-verify --disable-libvtv --with-zstd --enable-lto --with-isl --disable-isl-version-check --enable-default-pie --enable-default-ssp]
  ignore line: [Thread model: posix]
  ignore line: [Supported LTO compression algorithms: zlib zstd]
  ignore line: [gcc version 11.2.0 (Gentoo 11.2.0 p1) ]
  ignore line: [COMPILER_PATH=/usr/libexec/gcc/x86_64-pc-linux-gnu/11.2.0/:/usr/libexec/gcc/x86_64-pc-linux-gnu/11.2.0/:/usr/libexec/gcc/x86_64-pc-linux-gnu/:/usr/lib/gcc/x86_64-pc-linux-gnu/11.2.0/:/usr/lib/gcc/x86_64-pc-linux-gnu/:/usr/lib/gcc/x86_64-pc-linux-gnu/11.2.0/../../../../x86_64-pc-linux-gnu/bin/]
  ignore line: [LIBRARY_PATH=/usr/lib/gcc/x86_64-pc-linux-gnu/11.2.0/:/usr/lib/gcc/x86_64-pc-linux-gnu/11.2.0/../../../../lib64/:/lib/../lib64/:/usr/lib/../lib64/:/usr/lib/gcc/x86_64-pc-linux-gnu/11.2.0/../../../../x86_64-pc-linux-gnu/lib/:/usr/lib/gcc/x86_64-pc-linux-gnu/11.2.0/../../../:/lib/:/usr/lib/]
  ignore line: [COLLECT_GCC_OPTIONS='-v' '-o' 'cmTC_1280f' '-shared-libgcc' '-mtune=generic' '-march=x86-64' '-dumpdir' 'cmTC_1280f.']
  link line: [ /usr/libexec/gcc/x86_64-pc-linux-gnu/11.2.0/collect2 -plugin /usr/libexec/gcc/x86_64-pc-linux-gnu/11.2.0/liblto_plugin.so -plugin-opt=/usr/libexec/gcc/x86_64-pc-linux-gnu/11.2.0/lto-wrapper -plugin-opt=-fresolution=/tmp/ccnwNDxz.res -plugin-opt=-pass-through=-lgcc_s -plugin-opt=-pass-through=-lgcc -plugin-opt=-pass-through=-lc -plugin-opt=-pass-through=-lgcc_s -plugin-opt=-pass-through=-lgcc --eh-frame-hdr -m elf_x86_64 -dynamic-linker /lib64/ld-linux-x86-64.so.2 -pie -o cmTC_1280f /usr/lib/gcc/x86_64-pc-linux-gnu/11.2.0/../../../../lib64/Scrt1.o /usr/lib/gcc/x86_64-pc-linux-gnu/11.2.0/../../../../lib64/crti.o /usr/lib/gcc/x86_64-pc-linux-gnu/11.2.0/crtbeginS.o -L/usr/lib/gcc/x86_64-pc-linux-gnu/11.2.0 -L/usr/lib/gcc/x86_64-pc-linux-gnu/11.2.0/../../../../lib64 -L/lib/../lib64 -L/usr/lib/../lib64 -L/usr/lib/gcc/x86_64-pc-linux-gnu/11.2.0/../../../../x86_64-pc-linux-gnu/lib -L/usr/lib/gcc/x86_64-pc-linux-gnu/11.2.0/../../.. CMakeFiles/cmTC_1280f.dir/CMakeCXXCompilerABI.cpp.o -lstdc++ -lm -lgcc_s -lgcc -lc -lgcc_s -lgcc /usr/lib/gcc/x86_64-pc-linux-gnu/11.2.0/crtendS.o /usr/lib/gcc/x86_64-pc-linux-gnu/11.2.0/../../../../lib64/crtn.o]
    arg [/usr/libexec/gcc/x86_64-pc-linux-gnu/11.2.0/collect2] ==> ignore
    arg [-plugin] ==> ignore
    arg [/usr/libexec/gcc/x86_64-pc-linux-gnu/11.2.0/liblto_plugin.so] ==> ignore
    arg [-plugin-opt=/usr/libexec/gcc/x86_64-pc-linux-gnu/11.2.0/lto-wrapper] ==> ignore
    arg [-plugin-opt=-fresolution=/tmp/ccnwNDxz.res] ==> ignore
    arg [-plugin-opt=-pass-through=-lgcc_s] ==> ignore
    arg [-plugin-opt=-pass-through=-lgcc] ==> ignore
    arg [-plugin-opt=-pass-through=-lc] ==> ignore
    arg [-plugin-opt=-pass-through=-lgcc_s] ==> ignore
    arg [-plugin-opt=-pass-through=-lgcc] ==> ignore
    arg [--eh-frame-hdr] ==> ignore
    arg [-m] ==> ignore
    arg [elf_x86_64] ==> ignore
    arg [-dynamic-linker] ==> ignore
    arg [/lib64/ld-linux-x86-64.so.2] ==> ignore
    arg [-pie] ==> ignore
    arg [-o] ==> ignore
    arg [cmTC_1280f] ==> ignore
    arg [/usr/lib/gcc/x86_64-pc-linux-gnu/11.2.0/../../../../lib64/Scrt1.o] ==> ignore
    arg [/usr/lib/gcc/x86_64-pc-linux-gnu/11.2.0/../../../../lib64/crti.o] ==> ignore
    arg [/usr/lib/gcc/x86_64-pc-linux-gnu/11.2.0/crtbeginS.o] ==> ignore
    arg [-L/usr/lib/gcc/x86_64-pc-linux-gnu/11.2.0] ==> dir [/usr/lib/gcc/x86_64-pc-linux-gnu/11.2.0]
    arg [-L/usr/lib/gcc/x86_64-pc-linux-gnu/11.2.0/../../../../lib64] ==> dir [/usr/lib/gcc/x86_64-pc-linux-gnu/11.2.0/../../../../lib64]
    arg [-L/lib/../lib64] ==> dir [/lib/../lib64]
    arg [-L/usr/lib/../lib64] ==> dir [/usr/lib/../lib64]
    arg [-L/usr/lib/gcc/x86_64-pc-linux-gnu/11.2.0/../../../../x86_64-pc-linux-gnu/lib] ==> dir [/usr/lib/gcc/x86_64-pc-linux-gnu/11.2.0/../../../../x86_64-pc-linux-gnu/lib]
    arg [-L/usr/lib/gcc/x86_64-pc-linux-gnu/11.2.0/../../..] ==> dir [/usr/lib/gcc/x86_64-pc-linux-gnu/11.2.0/../../..]
    arg [CMakeFiles/cmTC_1280f.dir/CMakeCXXCompilerABI.cpp.o] ==> ignore
    arg [-lstdc++] ==> lib [stdc++]
    arg [-lm] ==> lib [m]
    arg [-lgcc_s] ==> lib [gcc_s]
    arg [-lgcc] ==> lib [gcc]
    arg [-lc] ==> lib [c]
    arg [-lgcc_s] ==> lib [gcc_s]
    arg [-lgcc] ==> lib [gcc]
    arg [/usr/lib/gcc/x86_64-pc-linux-gnu/11.2.0/crtendS.o] ==> ignore
    arg [/usr/lib/gcc/x86_64-pc-linux-gnu/11.2.0/../../../../lib64/crtn.o] ==> ignore
  collapse library dir [/usr/lib/gcc/x86_64-pc-linux-gnu/11.2.0] ==> [/usr/lib/gcc/x86_64-pc-linux-gnu/11.2.0]
  collapse library dir [/usr/lib/gcc/x86_64-pc-linux-gnu/11.2.0/../../../../lib64] ==> [/usr/lib64]
  collapse library dir [/lib/../lib64] ==> [/lib64]
  collapse library dir [/usr/lib/../lib64] ==> [/usr/lib64]
  collapse library dir [/usr/lib/gcc/x86_64-pc-linux-gnu/11.2.0/../../../../x86_64-pc-linux-gnu/lib] ==> [/usr/x86_64-pc-linux-gnu/lib]
  collapse library dir [/usr/lib/gcc/x86_64-pc-linux-gnu/11.2.0/../../..] ==> [/usr/lib]
  implicit libs: [stdc++;m;gcc_s;gcc;c;gcc_s;gcc]
  implicit dirs: [/usr/lib/gcc/x86_64-pc-linux-gnu/11.2.0;/usr/lib64;/lib64;/usr/x86_64-pc-linux-gnu/lib;/usr/lib]
  implicit fwks: []


